********************************************************************************
PACKAGE-LOG: 2016-04-21 03:34:08
NOTICE: Do NOT post to public sites or forums 
********************************************************************************
VERSION:	1.1.6
WORDPRESS:	4.5
PHP INFO:	5.6.14-1+deb.sury.org~trusty+1 | SAPI: apache2handler
SERVER:		Apache/2.4.16 (Ubuntu) 
PHP TIME LIMIT: (0) no time limit imposed 
PHP MAX MEMORY: 5000M (268435456 default) 
MEMORY STACK: 38.75MB 

********************************************************************************
DATABASE:
********************************************************************************
BUILD MODE:   PHP(query limit - 100)
MYSQLTIMEOUT: 5000
MYSQLDUMP:    Is Supported 
TABLES: total:33 | filtered:0 | create:33 
FILTERED: [] 
SQL CREATED: 20160421_isaachardy_57184a18a5ed22718160421033344_database.sql 
SQL FILE SIZE: 1.34MB (1404714) 
SQL FILE TIME: 2016-04-21 03:34:08 
SQL RUNTIME: 0.16 sec. 

******************************************************************************** 
ARCHIVE (ZIP): 
******************************************************************************** 
ARCHIVE DIR:  /var/www/public/isaac-port 
ARCHIVE FILE: 20160421_isaachardy_57184a18a5ed22718160421033344_archive.zip 
FILTERS: *OFF* 
DIRS:  not set 
EXTS:  not set 
---------------------------------------- 
COMPRESSING 
SIZE:	76.56MB 
STATS:	Dirs 624 | Files 4,673 
SQL ADDED: 20160421_isaachardy_57184a18a5ed22718160421033344_database.sql 
ZipArchive Object
(
    [status] => 0
    [statusSys] => 0
    [numFiles] => 5297
    [filename] => /var/www/public/isaac-port/wp-snapshots/tmp/20160421_isaachardy_57184a18a5ed22718160421033344_archive.zip
    [comment] => 
)
 
COMPRESSION RESULT: '1' 
COMPRESSED SIZE: 48.92MB 
ARCHIVE RUNTIME: 35.80 sec. 
MEMORY STACK: 40MB 

******************************************************************************** 
MAKE INSTALLER: 
******************************************************************************** 
Build Start 
Build Finished 
Preping for use 
Template parsed with new data 
Complete [/var/www/public/isaac-port/wp-snapshots/tmp/20160421_isaachardy_57184a18a5ed22718160421033344_installer.php] 
Added to archive 

******************************************************************************** 
INTEGRITY CHECKS: 
******************************************************************************** 
SQL File: 1.34MB 
Installer File: 319.27KB 
Archive File: 48.92MB  

********************************************************************************
RECORD ID:[1]
TOTAL PROCESS RUNTIME: 38.57 sec.
PEAK PHP MEMORY USED: 42MB
DONE PROCESSING => 20160421_isaachardy 2016-04-21 03:34:46
 
